2024-06-14 05:14:20.286 [info] Reading sessions from keychain...
2024-06-14 05:14:20.286 [info] Getting sessions for all scopes...
2024-06-14 05:14:20.286 [info] Getting sessions for user:email...
2024-06-14 05:14:20.287 [info] Got stored sessions!
2024-06-14 05:14:20.287 [info] Got 6 verified sessions.
2024-06-14 05:14:20.287 [info] Got 6 sessions for ...
2024-06-14 05:14:20.287 [info] Got 1 sessions for user:email...
2024-06-14 05:14:20.854 [info] Getting sessions for codespace,read:user,repo,user:email...
2024-06-14 05:14:20.855 [info] Got 1 sessions for codespace,read:user,repo,user:email...
2024-06-14 05:14:20.891 [info] Getting sessions for all scopes...
2024-06-14 05:14:20.891 [info] Got 6 sessions for ...
2024-06-14 05:14:21.623 [info] Getting sessions for all scopes...
2024-06-14 05:14:21.624 [info] Got 6 sessions for ...
2024-06-14 05:14:23.751 [info] Getting sessions for all scopes...
2024-06-14 05:14:23.751 [info] Got 6 sessions for ...
2024-06-14 05:14:24.188 [info] Getting sessions for all scopes...
2024-06-14 05:14:24.188 [info] Got 6 sessions for ...
2024-06-14 05:14:24.371 [info] Getting sessions for read:user,repo,user:email,workflow...
2024-06-14 05:14:24.371 [info] Getting sessions for read:user,repo,user:email,workflow...
2024-06-14 05:14:24.372 [info] Getting sessions for read:user...
2024-06-14 05:14:24.372 [info] Getting sessions for user:email...
2024-06-14 05:14:24.372 [info] Getting sessions for all scopes...
2024-06-14 05:14:24.372 [info] Got 1 sessions for read:user,repo,user:email,workflow...
2024-06-14 05:14:24.372 [info] Got 1 sessions for read:user,repo,user:email,workflow...
2024-06-14 05:14:24.372 [info] Got 1 sessions for read:user...
2024-06-14 05:14:24.373 [info] Got 1 sessions for user:email...
2024-06-14 05:14:24.373 [info] Got 6 sessions for ...
2024-06-14 05:14:24.458 [info] Getting sessions for project,read:org,read:user,repo,user:email,workflow...
2024-06-14 05:14:24.458 [info] Getting sessions for all scopes...
2024-06-14 05:14:24.459 [info] Got 0 sessions for project,read:org,read:user,repo,user:email,workflow...
2024-06-14 05:14:24.459 [info] Got 6 sessions for ...
2024-06-14 05:14:25.212 [info] Getting sessions for read:user,repo,user:email,workflow...
2024-06-14 05:14:25.212 [info] Got 1 sessions for read:user,repo,user:email,workflow...
2024-06-14 05:14:25.911 [info] Getting sessions for read:user,repo,user:email,workflow...
2024-06-14 05:14:25.911 [info] Getting sessions for read:user...
2024-06-14 05:14:25.911 [info] Getting sessions for user:email...
2024-06-14 05:14:25.911 [info] Got 1 sessions for read:user,repo,user:email,workflow...
2024-06-14 05:14:25.911 [info] Got 1 sessions for read:user...
2024-06-14 05:14:25.911 [info] Got 1 sessions for user:email...
2024-06-14 05:14:26.629 [info] Getting sessions for read:user,repo,user:email,workflow...
2024-06-14 05:14:26.629 [info] Getting sessions for read:user...
2024-06-14 05:14:26.629 [info] Getting sessions for user:email...
2024-06-14 05:14:26.630 [info] Got 1 sessions for read:user,repo,user:email,workflow...
2024-06-14 05:14:26.630 [info] Got 1 sessions for read:user...
2024-06-14 05:14:26.630 [info] Got 1 sessions for user:email...
2024-06-14 05:14:28.569 [info] Getting sessions for read:user,repo,user:email,workflow...
2024-06-14 05:14:28.570 [info] Got 1 sessions for read:user,repo,user:email,workflow...
2024-06-14 05:14:38.183 [info] Getting sessions for read:user,repo,user:email,workflow...
2024-06-14 05:14:38.183 [info] Got 1 sessions for read:user,repo,user:email,workflow...
2024-06-14 05:14:40.284 [info] Logging in for the following scopes: read:user repo user:email workflow
2024-06-14 05:14:40.461 [info] Trying without local server... (read:user repo user:email workflow)
2024-06-14 05:14:50.355 [info] Exchanging code for token...
2024-06-14 05:14:50.759 [info] Token exchange success!
2024-06-14 05:14:50.761 [info] Getting user info...
2024-06-14 05:14:51.136 [info] Got account info!
2024-06-14 05:14:51.138 [info] Storing 6 sessions...
2024-06-14 05:14:51.337 [info] Reading sessions from keychain...
2024-06-14 05:14:51.338 [info] Stored 6 sessions!
2024-06-14 05:14:51.338 [info] Login success!
2024-06-14 05:14:51.427 [info] Getting sessions for user:email...
2024-06-14 05:14:51.427 [info] Getting sessions for all scopes...
2024-06-14 05:14:51.427 [info] Getting sessions for user:email...
2024-06-14 05:14:51.465 [info] Got stored sessions!
2024-06-14 05:14:51.466 [info] Got 6 verified sessions.
2024-06-14 05:14:51.466 [info] Storing 6 sessions...
2024-06-14 05:14:51.568 [info] Reading sessions from keychain...
2024-06-14 05:14:51.568 [info] Stored 6 sessions!
2024-06-14 05:14:51.568 [info] Adding session found in keychain
2024-06-14 05:14:51.569 [info] Removing session no longer found in keychain
2024-06-14 05:14:51.569 [info] Got 1 sessions for user:email...
2024-06-14 05:14:51.569 [info] Got 6 sessions for ...
2024-06-14 05:14:51.569 [info] Got 1 sessions for user:email...
2024-06-14 05:14:51.619 [info] Getting sessions for codespace,read:user,repo,user:email...
2024-06-14 05:14:51.619 [info] Getting sessions for read:user,repo,user:email,workflow...
2024-06-14 05:14:51.620 [info] Getting sessions for read:user...
2024-06-14 05:14:51.620 [info] Getting sessions for user:email...
2024-06-14 05:14:51.620 [info] Getting sessions for project,read:org,read:user,repo,user:email,workflow...
2024-06-14 05:14:51.620 [info] Getting sessions for read:user,repo,user:email,workflow...
2024-06-14 05:14:51.621 [info] Getting sessions for read:user,repo,user:email,workflow...
2024-06-14 05:14:51.658 [info] Getting sessions for user:email...
2024-06-14 05:14:51.659 [info] Getting sessions for all scopes...
2024-06-14 05:14:51.660 [info] Got stored sessions!
2024-06-14 05:14:51.660 [info] Got 6 verified sessions.
2024-06-14 05:14:51.661 [info] Got 1 sessions for codespace,read:user,repo,user:email...
2024-06-14 05:14:51.661 [info] Got 1 sessions for read:user,repo,user:email,workflow...
2024-06-14 05:14:51.662 [info] Got 1 sessions for read:user...
2024-06-14 05:14:51.662 [info] Got 1 sessions for user:email...
2024-06-14 05:14:51.662 [info] Got 0 sessions for project,read:org,read:user,repo,user:email,workflow...
2024-06-14 05:14:51.663 [info] Got 1 sessions for read:user,repo,user:email,workflow...
2024-06-14 05:14:51.663 [info] Got 1 sessions for read:user,repo,user:email,workflow...
2024-06-14 05:14:51.663 [info] Got 1 sessions for user:email...
2024-06-14 05:14:51.664 [info] Got 6 sessions for ...
2024-06-14 05:14:52.343 [info] Getting sessions for read:user,repo,user:email,workflow...
2024-06-14 05:14:52.343 [info] Getting sessions for read:user,repo,user:email,workflow...
2024-06-14 05:14:52.343 [info] Getting sessions for read:user,repo,user:email,workflow...
2024-06-14 05:14:52.343 [info] Getting sessions for read:user...
2024-06-14 05:14:52.343 [info] Getting sessions for user:email...
2024-06-14 05:14:52.343 [info] Got 1 sessions for read:user,repo,user:email,workflow...
2024-06-14 05:14:52.343 [info] Got 1 sessions for read:user,repo,user:email,workflow...
2024-06-14 05:14:52.343 [info] Got 1 sessions for read:user,repo,user:email,workflow...
2024-06-14 05:14:52.343 [info] Got 1 sessions for read:user...
2024-06-14 05:14:52.343 [info] Got 1 sessions for user:email...
2024-06-14 05:15:00.085 [info] Getting sessions for read:user,repo,user:email,workflow...
2024-06-14 05:15:00.085 [info] Got 1 sessions for read:user,repo,user:email,workflow...
