2024-06-16 05:38:32.213 [warning] /home/vscode/.ssh/config: ENOENT: no such file or directory, open '/home/vscode/.ssh/config'
2024-06-16 05:38:32.213 [info] Activation> Extension version: 0.88.1
2024-06-16 05:38:33.523 [info] Looking for git repository
2024-06-16 05:38:33.523 [info] Found 0 repositories during activation
2024-06-16 05:38:33.523 [info] Git repository found, initializing review manager and pr tree view.
2024-06-16 05:38:33.524 [info] Registering git provider
2024-06-16 05:44:48.927 [info] Repository file:///home/vscode/progate_path/self_introduction_commit/self_introduction has been opened
2024-06-16 05:44:48.927 [info] Review+0> Validate state in progress
2024-06-16 05:44:48.927 [info] Review+0> Validating state...
2024-06-16 05:44:48.929 [warning] No remotes found. The following remotes are missing: origin, upstream
2024-06-16 05:44:48.929 [info] No GitHub remotes found for folder /home/vscode/progate_path/self_introduction_commit/self_introduction
2024-06-16 05:44:48.930 [info] Trying to use globalState for assignableUsers.
2024-06-16 05:44:48.979 [info] Review+0> Queuing additional validate state
2024-06-16 05:44:48.979 [info] Repo state for file:///home/vscode/progate_path/self_introduction_commit/self_introduction changed.
2024-06-16 05:44:48.979 [info] Repo file:///home/vscode/progate_path/self_introduction_commit/self_introduction has already been setup.
2024-06-16 05:44:49.076 [info] Using globalState assignableUsers for 0.
2024-06-16 05:44:49.371 [info] Review+0> Validating state...
2024-06-16 05:44:49.371 [warning] No remotes found. The following remotes are missing: origin, upstream
2024-06-16 05:44:49.371 [info] No GitHub remotes found for folder /home/vscode/progate_path/self_introduction_commit/self_introduction
2024-06-16 05:44:49.371 [info] Using in-memory cached assignable users.
2024-06-16 05:44:49.406 [info] Review+0> No matching pull request metadata found locally for current branch main
2024-06-16 05:44:49.426 [info] Review+0> No matching pull request metadata found on GitHub for current branch main
2024-06-16 05:45:11.755 [info] Review+0> Validate state in progress
2024-06-16 05:45:11.755 [info] Review+0> Validating state...
2024-06-16 05:45:11.755 [warning] No remotes found. The following remotes are missing: origin, upstream
2024-06-16 05:45:11.755 [info] No GitHub remotes found for folder /home/vscode/progate_path/self_introduction_commit/self_introduction
2024-06-16 05:45:11.755 [info] Using in-memory cached assignable users.
2024-06-16 05:45:11.777 [info] Review+0> No matching pull request metadata found locally for current branch main
2024-06-16 05:45:11.791 [info] Review+0> No matching pull request metadata found on GitHub for current branch main
