[2024-06-14 05:14:19.334] Starting Git Graph ...
[2024-06-14 05:14:19.376] Using git (version: 2.45.1)
[2024-06-14 05:14:19.385] Started Git Graph - Ready to use!
[2024-06-14 05:14:19.386] Searching workspace for new repos ...
[2024-06-14 05:14:19.392] > git rev-parse --show-toplevel
[2024-06-14 05:14:19.397] Completed searching workspace for new repos
[2024-06-14 05:14:19.792] Successfully set Visual Studio Code Context "git-graph:codiconsSupported" to "true"
[2024-06-14 05:15:22.596] > git rev-parse --show-toplevel
[2024-06-14 05:15:22.613] > git rev-parse --show-toplevel
[2024-06-14 05:15:22.627] > git rev-parse --show-toplevel
[2024-06-14 05:15:22.637] > git rev-parse --show-toplevel
[2024-06-14 05:15:22.648] > git rev-parse --show-toplevel
[2024-06-14 05:15:22.661] > git rev-parse --show-toplevel
[2024-06-14 05:15:22.672] > git rev-parse --show-toplevel
[2024-06-14 05:15:22.683] > git rev-parse --show-toplevel
[2024-06-14 05:15:22.691] > git rev-parse --show-toplevel
[2024-06-14 05:15:22.698] > git rev-parse --show-toplevel
[2024-06-14 05:15:22.707] > git rev-parse --show-toplevel
[2024-06-14 05:15:22.717] > git rev-parse --show-toplevel
[2024-06-14 05:15:22.730] > git rev-parse --show-toplevel
[2024-06-14 05:15:22.738] > git rev-parse --show-toplevel
[2024-06-14 05:15:22.748] > git rev-parse --show-toplevel
[2024-06-14 05:15:22.764] > git rev-parse --show-toplevel
[2024-06-14 05:15:22.809] > git rev-parse --show-toplevel
[2024-06-14 05:15:22.841] > git rev-parse --show-toplevel
[2024-06-14 05:15:22.860] > git rev-parse --show-toplevel
[2024-06-14 05:15:22.881] > git rev-parse --show-toplevel
[2024-06-14 05:15:22.892] > git rev-parse --show-toplevel
[2024-06-14 05:15:22.902] > git rev-parse --show-toplevel
[2024-06-14 05:15:22.914] > git rev-parse --show-toplevel
[2024-06-14 05:15:22.924] > git rev-parse --show-toplevel
[2024-06-14 05:15:22.941] > git rev-parse --show-toplevel
[2024-06-14 05:15:22.952] > git rev-parse --show-toplevel
[2024-06-14 05:15:22.981] > git rev-parse --show-toplevel
[2024-06-14 05:15:23.025] > git rev-parse --show-toplevel
[2024-06-14 05:15:23.057] > git rev-parse --show-toplevel
[2024-06-14 05:15:23.074] > git rev-parse --show-toplevel
[2024-06-14 05:15:23.113] > git rev-parse --show-toplevel
[2024-06-14 05:15:23.145] > git rev-parse --show-toplevel
[2024-06-14 05:15:23.186] > git rev-parse --show-toplevel
[2024-06-14 05:15:23.262] > git rev-parse --show-toplevel
[2024-06-14 05:15:23.297] > git rev-parse --show-toplevel
[2024-06-14 05:15:23.319] > git rev-parse --show-toplevel
[2024-06-14 05:15:23.336] > git rev-parse --show-toplevel
[2024-06-14 05:15:23.357] > git rev-parse --show-toplevel
[2024-06-14 05:15:23.370] > git rev-parse --show-toplevel
[2024-06-14 05:15:23.381] > git rev-parse --show-toplevel
[2024-06-14 05:15:23.395] > git rev-parse --show-toplevel
[2024-06-14 05:15:23.409] > git rev-parse --show-toplevel
[2024-06-14 05:15:23.428] > git rev-parse --show-toplevel
[2024-06-14 05:15:23.440] > git rev-parse --show-toplevel
[2024-06-14 05:15:23.453] > git rev-parse --show-toplevel
[2024-06-14 05:15:23.469] > git rev-parse --show-toplevel
[2024-06-14 05:15:23.483] > git rev-parse --show-toplevel
[2024-06-14 05:15:23.495] > git rev-parse --show-toplevel
[2024-06-14 05:15:23.503] > git rev-parse --show-toplevel
[2024-06-14 05:15:23.512] > git rev-parse --show-toplevel
[2024-06-14 05:15:23.520] > git rev-parse --show-toplevel
[2024-06-14 05:15:23.529] > git rev-parse --show-toplevel
[2024-06-14 05:15:23.537] > git rev-parse --show-toplevel
[2024-06-14 05:15:23.552] > git rev-parse --show-toplevel
[2024-06-14 05:15:23.564] > git rev-parse --show-toplevel
[2024-06-14 05:15:23.575] > git rev-parse --show-toplevel
[2024-06-14 05:15:23.585] > git rev-parse --show-toplevel
[2024-06-14 05:15:23.596] > git rev-parse --show-toplevel
[2024-06-14 05:15:23.605] > git rev-parse --show-toplevel
[2024-06-14 05:15:23.614] > git rev-parse --show-toplevel
[2024-06-14 05:15:23.623] > git rev-parse --show-toplevel
[2024-06-14 05:15:23.636] > git rev-parse --show-toplevel
[2024-06-14 05:15:23.652] > git rev-parse --show-toplevel
[2024-06-14 05:15:23.661] > git rev-parse --show-toplevel
[2024-06-14 05:15:23.672] > git rev-parse --show-toplevel
[2024-06-14 05:15:23.684] > git rev-parse --show-toplevel
[2024-06-14 05:15:23.696] > git rev-parse --show-toplevel
[2024-06-14 05:15:23.707] > git rev-parse --show-toplevel
[2024-06-14 05:15:23.721] > git rev-parse --show-toplevel
[2024-06-14 05:15:23.735] > git rev-parse --show-toplevel
[2024-06-14 05:15:23.759] > git rev-parse --show-toplevel
[2024-06-14 05:15:23.792] > git rev-parse --show-toplevel
[2024-06-14 05:15:23.818] > git rev-parse --show-toplevel
[2024-06-14 05:15:23.853] > git rev-parse --show-toplevel
[2024-06-14 05:15:23.866] > git rev-parse --show-toplevel
[2024-06-14 05:15:23.893] > git rev-parse --show-toplevel
[2024-06-14 05:15:23.914] > git rev-parse --show-toplevel
[2024-06-14 05:15:23.937] > git rev-parse --show-toplevel
[2024-06-14 05:15:23.950] > git rev-parse --show-toplevel
[2024-06-14 05:15:23.975] > git rev-parse --show-toplevel
[2024-06-14 05:15:24.013] > git rev-parse --show-toplevel
[2024-06-14 05:15:24.037] > git rev-parse --show-toplevel
[2024-06-14 05:15:24.050] > git rev-parse --show-toplevel
[2024-06-14 05:15:24.058] > git rev-parse --show-toplevel
[2024-06-14 05:15:24.066] > git rev-parse --show-toplevel
[2024-06-14 05:15:24.077] > git rev-parse --show-toplevel
[2024-06-14 05:15:24.095] > git rev-parse --show-toplevel
[2024-06-14 05:15:24.106] > git rev-parse --show-toplevel
[2024-06-14 05:15:24.116] > git rev-parse --show-toplevel
[2024-06-14 05:15:24.127] > git rev-parse --show-toplevel
[2024-06-14 05:15:24.136] > git rev-parse --show-toplevel
[2024-06-14 05:15:24.144] > git rev-parse --show-toplevel
[2024-06-14 05:15:24.153] > git rev-parse --show-toplevel
[2024-06-14 05:15:24.162] > git rev-parse --show-toplevel
[2024-06-14 05:15:24.178] > git rev-parse --show-toplevel
[2024-06-14 05:15:24.209] > git rev-parse --show-toplevel
[2024-06-14 05:15:24.222] > git rev-parse --show-toplevel
[2024-06-14 05:15:24.267] > git rev-parse --show-toplevel
[2024-06-14 05:15:24.285] > git rev-parse --show-toplevel
[2024-06-14 05:15:24.311] > git rev-parse --show-toplevel
[2024-06-14 05:15:24.390] > git rev-parse --show-toplevel
[2024-06-14 05:15:24.402] > git rev-parse --show-toplevel
[2024-06-14 05:15:24.411] > git rev-parse --show-toplevel
[2024-06-14 05:15:24.422] > git rev-parse --show-toplevel
[2024-06-14 05:15:24.441] > git rev-parse --show-toplevel
[2024-06-14 05:15:24.454] > git rev-parse --show-toplevel
[2024-06-14 05:15:24.464] > git rev-parse --show-toplevel
[2024-06-14 05:15:24.473] > git rev-parse --show-toplevel
[2024-06-14 05:15:24.484] > git rev-parse --show-toplevel
[2024-06-14 05:15:24.493] > git rev-parse --show-toplevel
[2024-06-14 05:15:24.502] > git rev-parse --show-toplevel
[2024-06-14 05:15:24.517] > git rev-parse --show-toplevel
[2024-06-14 05:15:24.534] > git rev-parse --show-toplevel
[2024-06-14 05:15:24.546] > git rev-parse --show-toplevel
[2024-06-14 05:15:24.558] > git rev-parse --show-toplevel
[2024-06-14 05:15:24.570] > git rev-parse --show-toplevel
[2024-06-14 05:15:24.580] > git rev-parse --show-toplevel
[2024-06-14 05:15:24.591] > git rev-parse --show-toplevel
[2024-06-14 05:15:24.611] > git rev-parse --show-toplevel
[2024-06-14 05:15:24.627] > git rev-parse --show-toplevel
[2024-06-14 05:15:24.639] > git rev-parse --show-toplevel
[2024-06-14 05:15:24.653] > git rev-parse --show-toplevel
[2024-06-14 05:15:24.665] > git rev-parse --show-toplevel
[2024-06-14 05:15:24.742] > git rev-parse --show-toplevel
[2024-06-14 05:15:24.775] > git rev-parse --show-toplevel
[2024-06-14 05:15:24.792] > git rev-parse --show-toplevel
[2024-06-14 05:15:24.806] > git rev-parse --show-toplevel
[2024-06-14 05:15:24.818] > git rev-parse --show-toplevel
[2024-06-14 05:15:24.827] > git rev-parse --show-toplevel
[2024-06-14 05:15:24.871] > git rev-parse --show-toplevel
[2024-06-14 05:15:24.883] > git rev-parse --show-toplevel
[2024-06-14 05:15:24.893] > git rev-parse --show-toplevel
[2024-06-14 05:15:24.906] > git rev-parse --show-toplevel
[2024-06-14 05:15:24.916] > git rev-parse --show-toplevel
[2024-06-14 05:15:24.928] > git rev-parse --show-toplevel
[2024-06-14 05:15:24.949] > git rev-parse --show-toplevel
[2024-06-14 05:15:24.959] > git rev-parse --show-toplevel
[2024-06-14 05:15:24.969] > git rev-parse --show-toplevel
[2024-06-14 05:15:24.978] > git rev-parse --show-toplevel
[2024-06-14 05:15:24.987] > git rev-parse --show-toplevel
[2024-06-14 05:15:24.995] > git rev-parse --show-toplevel
[2024-06-14 05:15:25.006] > git rev-parse --show-toplevel
[2024-06-14 05:15:25.017] > git rev-parse --show-toplevel
[2024-06-14 05:15:25.030] > git rev-parse --show-toplevel
[2024-06-14 05:15:25.061] > git rev-parse --show-toplevel
[2024-06-14 05:15:25.082] > git rev-parse --show-toplevel
[2024-06-14 05:15:25.096] > git rev-parse --show-toplevel
[2024-06-14 05:15:25.107] > git rev-parse --show-toplevel
[2024-06-14 05:15:25.120] > git rev-parse --show-toplevel
[2024-06-14 05:15:25.133] > git rev-parse --show-toplevel
[2024-06-14 05:15:25.143] > git rev-parse --show-toplevel
[2024-06-14 05:15:25.152] > git rev-parse --show-toplevel
[2024-06-14 05:15:25.162] > git rev-parse --show-toplevel
[2024-06-14 05:15:25.175] > git rev-parse --show-toplevel
[2024-06-14 05:15:25.185] > git rev-parse --show-toplevel
[2024-06-14 05:15:25.225] > git rev-parse --show-toplevel
[2024-06-14 05:15:25.239] > git rev-parse --show-toplevel
[2024-06-14 05:15:25.253] > git rev-parse --show-toplevel
[2024-06-14 05:15:25.266] > git rev-parse --show-toplevel
[2024-06-14 05:15:25.282] > git rev-parse --show-toplevel
[2024-06-14 05:15:25.296] > git rev-parse --show-toplevel
[2024-06-14 05:15:25.309] > git rev-parse --show-toplevel
[2024-06-14 05:15:25.318] > git rev-parse --show-toplevel
[2024-06-14 05:15:25.326] > git rev-parse --show-toplevel
[2024-06-14 05:15:25.357] > git rev-parse --show-toplevel
[2024-06-14 05:15:25.371] > git rev-parse --show-toplevel
[2024-06-14 05:15:25.382] > git rev-parse --show-toplevel
[2024-06-14 05:15:25.391] > git rev-parse --show-toplevel
[2024-06-14 05:15:25.399] > git rev-parse --show-toplevel
[2024-06-14 05:15:25.407] > git rev-parse --show-toplevel
[2024-06-14 05:15:25.415] > git rev-parse --show-toplevel
[2024-06-14 05:15:25.428] > git rev-parse --show-toplevel
[2024-06-14 05:15:25.441] > git rev-parse --show-toplevel
[2024-06-14 05:15:25.455] > git rev-parse --show-toplevel
[2024-06-14 05:15:25.474] > git rev-parse --show-toplevel
[2024-06-14 05:15:25.488] > git rev-parse --show-toplevel
[2024-06-14 05:15:25.501] > git rev-parse --show-toplevel
[2024-06-14 05:15:25.527] > git rev-parse --show-toplevel
[2024-06-14 05:15:25.543] > git rev-parse --show-toplevel
[2024-06-14 05:15:25.556] > git rev-parse --show-toplevel
[2024-06-14 05:15:25.577] > git rev-parse --show-toplevel
[2024-06-14 05:15:25.595] > git rev-parse --show-toplevel
[2024-06-14 05:15:25.608] > git rev-parse --show-toplevel
[2024-06-14 05:15:25.622] > git rev-parse --show-toplevel
[2024-06-14 05:15:25.649] > git rev-parse --show-toplevel
[2024-06-14 05:15:25.667] > git rev-parse --show-toplevel
[2024-06-14 05:15:25.679] > git rev-parse --show-toplevel
[2024-06-14 05:15:25.690] > git rev-parse --show-toplevel
[2024-06-14 05:15:25.707] > git rev-parse --show-toplevel
[2024-06-14 05:15:25.722] > git rev-parse --show-toplevel
[2024-06-14 05:15:25.733] > git rev-parse --show-toplevel
[2024-06-14 05:15:25.746] > git rev-parse --show-toplevel
[2024-06-14 05:15:25.763] > git rev-parse --show-toplevel
[2024-06-14 05:15:25.773] > git rev-parse --show-toplevel
[2024-06-14 05:15:25.782] > git rev-parse --show-toplevel
[2024-06-14 05:15:25.795] > git rev-parse --show-toplevel
[2024-06-14 05:15:25.810] > git rev-parse --show-toplevel
[2024-06-14 05:15:25.827] > git rev-parse --show-toplevel
[2024-06-14 05:15:25.853] > git rev-parse --show-toplevel
[2024-06-14 05:15:25.875] > git rev-parse --show-toplevel
[2024-06-14 05:15:25.886] > git rev-parse --show-toplevel
[2024-06-14 05:15:25.903] > git rev-parse --show-toplevel
[2024-06-14 05:15:25.919] > git rev-parse --show-toplevel
[2024-06-14 05:15:25.932] > git rev-parse --show-toplevel
[2024-06-14 05:15:25.951] > git rev-parse --show-toplevel
[2024-06-14 05:15:25.982] > git rev-parse --show-toplevel
[2024-06-14 05:15:26.005] > git rev-parse --show-toplevel
[2024-06-14 05:15:26.019] > git rev-parse --show-toplevel
[2024-06-14 05:15:26.032] > git rev-parse --show-toplevel
[2024-06-14 05:15:26.043] > git rev-parse --show-toplevel
[2024-06-14 05:15:26.076] > git rev-parse --show-toplevel
[2024-06-14 05:15:26.113] > git rev-parse --show-toplevel
[2024-06-14 05:15:26.141] > git rev-parse --show-toplevel
[2024-06-14 05:15:26.176] > git rev-parse --show-toplevel
[2024-06-14 05:15:26.184] > git rev-parse --show-toplevel
[2024-06-14 05:15:26.202] > git rev-parse --show-toplevel
[2024-06-14 05:15:26.221] > git rev-parse --show-toplevel
[2024-06-14 05:15:26.236] > git rev-parse --show-toplevel
[2024-06-14 05:15:26.245] > git rev-parse --show-toplevel
[2024-06-14 05:15:26.263] > git rev-parse --show-toplevel
[2024-06-14 05:15:26.274] > git rev-parse --show-toplevel
[2024-06-14 05:15:26.295] > git rev-parse --show-toplevel
[2024-06-14 05:15:26.317] > git rev-parse --show-toplevel
[2024-06-14 05:15:26.334] > git rev-parse --show-toplevel
[2024-06-14 05:15:26.345] > git rev-parse --show-toplevel
[2024-06-14 05:15:26.358] > git rev-parse --show-toplevel
[2024-06-14 05:15:26.372] > git rev-parse --show-toplevel
[2024-06-14 05:15:26.390] > git rev-parse --show-toplevel
[2024-06-14 05:15:26.423] > git rev-parse --show-toplevel
[2024-06-14 05:15:26.436] > git rev-parse --show-toplevel
[2024-06-14 05:15:26.458] > git rev-parse --show-toplevel
[2024-06-14 05:15:26.474] > git rev-parse --show-toplevel
[2024-06-14 05:15:26.501] > git rev-parse --show-toplevel
[2024-06-14 05:15:26.545] > git rev-parse --show-toplevel
[2024-06-14 05:15:26.577] > git rev-parse --show-toplevel
[2024-06-14 05:15:26.602] > git rev-parse --show-toplevel
[2024-06-14 05:15:26.620] > git rev-parse --show-toplevel
[2024-06-14 05:15:26.629] > git rev-parse --show-toplevel
[2024-06-14 05:15:26.642] > git rev-parse --show-toplevel
[2024-06-14 05:15:26.667] > git rev-parse --show-toplevel
[2024-06-14 05:15:26.705] > git rev-parse --show-toplevel
[2024-06-14 05:15:26.729] > git rev-parse --show-toplevel
[2024-06-14 05:15:26.758] > git rev-parse --show-toplevel
[2024-06-14 05:15:26.769] > git rev-parse --show-toplevel
[2024-06-14 05:15:26.779] > git rev-parse --show-toplevel
[2024-06-14 05:15:26.790] > git rev-parse --show-toplevel
[2024-06-14 05:15:26.800] > git rev-parse --show-toplevel
[2024-06-14 05:15:26.810] > git rev-parse --show-toplevel
[2024-06-14 05:15:26.824] > git rev-parse --show-toplevel
[2024-06-14 05:15:26.844] > git rev-parse --show-toplevel
[2024-06-14 05:15:26.857] > git rev-parse --show-toplevel
[2024-06-14 05:15:26.871] > git rev-parse --show-toplevel
[2024-06-14 05:15:26.879] > git rev-parse --show-toplevel
[2024-06-14 05:15:26.903] > git rev-parse --show-toplevel
[2024-06-14 05:15:26.914] > git rev-parse --show-toplevel
[2024-06-14 05:15:26.922] > git rev-parse --show-toplevel
[2024-06-14 05:15:26.930] > git rev-parse --show-toplevel
[2024-06-14 05:15:26.937] > git rev-parse --show-toplevel
[2024-06-14 05:15:26.945] > git rev-parse --show-toplevel
[2024-06-14 05:15:26.955] > git rev-parse --show-toplevel
[2024-06-14 05:15:26.962] > git rev-parse --show-toplevel
[2024-06-14 05:15:26.980] > git rev-parse --show-toplevel
[2024-06-14 05:15:26.988] > git rev-parse --show-toplevel
[2024-06-14 05:15:26.996] > git rev-parse --show-toplevel
[2024-06-14 05:15:27.003] > git rev-parse --show-toplevel
[2024-06-14 05:15:27.011] > git rev-parse --show-toplevel
[2024-06-14 05:15:27.019] > git rev-parse --show-toplevel
[2024-06-14 05:15:27.029] > git rev-parse --show-toplevel
[2024-06-14 05:15:27.037] > git rev-parse --show-toplevel
[2024-06-14 05:15:27.050] > git rev-parse --show-toplevel
[2024-06-14 05:15:27.059] > git rev-parse --show-toplevel
[2024-06-14 05:15:27.070] > git rev-parse --show-toplevel
[2024-06-14 05:15:27.077] > git rev-parse --show-toplevel
[2024-06-14 05:15:27.085] > git rev-parse --show-toplevel
[2024-06-14 05:15:27.093] > git rev-parse --show-toplevel
[2024-06-14 05:15:27.101] > git rev-parse --show-toplevel
[2024-06-14 05:15:30.985] > git rev-parse --show-toplevel
