[Client I] GitHub Codespaces version 1.16.23
[Client I] isRunningInWeb: "true"
[Client V] Initializing authentication
[API I] Successfully signed in
[Client:extension:5ea1 I] initializing
[Client:extension:5ea1:resolver I] created with protocol "codespaces"
[RemoteExplorer I] Updating codespace performance info
[RemoteExplorer I] Updating codespace performance info
[DevContainerJsonSupport I] Initializing devcontainer.json support package
[DevContainerJsonSupport V] [2024-06-14T05:14:24.869Z] Internal initialization of dev container support package...

[Client I] Connecting to current codespace: didactic-guacamole-j6w7wqpr77wcgrp
[Command:Connect I] Decorator starting: ErrorNotification
[Command:Connect I] Decorator starting: Telemetry
[Client I] Jupyter API registered? false
[API:retries-left-2 I] making GET request for "https://api.github.com/user/codespaces/didactic-guacamole-j6w7wqpr77wcgrp"
[RemoteExplorer I] Updating codespace performance info
[Client:extension:5ea1:resolver:resolve:1 I] resolve retry #3
[Client:extension:5ea1:resolver:resolve:1 I] resolving "codespaces+didactic-guacamole-j6w7wqpr77wcgrp"
[Client:extension:5ea1:resolver:resolve:1 I] codespace: "didactic-guacamole-j6w7wqpr77wcgrp", fetching details
[Client:extension:5ea1:resolver:resolve:1:fetch-codespace-info I] fetching codespace details for "didactic-guacamole-j6w7wqpr77wcgrp"
[Client:extension:5ea1:resolver:resolve:1:fetch-codespace-info I] signed in, getting the details
[Client:extension:5ea1:resolver:resolve:1:fetch-codespace-info I] fetching codespace "didactic-guacamole-j6w7wqpr77wcgrp" (retries left: 2)
[API:retries-left-2 I] making GET request for "https://api.github.com/user/codespaces/didactic-guacamole-j6w7wqpr77wcgrp"
[RemoteExplorer I] Updating codespace performance info
[Client:extension:5ea1:resolver I] successfully fetched codespace details> object #0: {
  "id": 16999363,
  "name": "<34:<redacted>>",
  "environment_id": "4ff90cbc-1c26-46fc-b54f-3c52bcbad7ed",
  "owner": "<undefined:<redacted>>",
  "billable_owner": {
    "login": "andooo26",
    "id": 123529443,
    "node_id": "U_kgDOB1zo4w",
    "avatar_url": "https://avatars.githubusercontent.com/u/123529443?v=4",
    "gravatar_id": "",
    "url": "https://api.github.com/users/andooo26",
    "html_url": "https://github.com/andooo26",
    "followers_url": "https://api.github.com/users/andooo26/followers",
    "following_url": "https://api.github.com/users/andooo26/following{/other_user}",
    "gists_url": "https://api.github.com/users/andooo26/gists{/gist_id}",
    "starred_url": "https://api.github.com/users/andooo26/starred{/owner}{/repo}",
    "subscriptions_url": "https://api.github.com/users/andooo26/subscriptions",
    "organizations_url": "https://api.github.com/users/andooo26/orgs",
    "repos_url": "https://api.github.com/users/andooo26/repos",
    "events_url": "https://api.github.com/users/andooo26/events{/privacy}",
    "received_events_url": "https://api.github.com/users/andooo26/received_events",
    "type": "User",
    "site_admin": false
  },
  "repository": {
    "id": 587537775,
    "node_id": "R_kgDOIwUdbw",
    "name": "<22:<redacted>>",
    "full_name": "Progate/path-study-environment",
    "private": false,
    "owner": "<undefined:<redacted>>",
    "html_url": "https://github.com/Progate/path-study-environment",
    "description": null,
    "fork": false,
    "url": "https://api.github.com/repos/Progate/path-study-environment",
    "forks_url": "https://api.github.com/repos/Progate/path-study-environment/forks",
    "keys_url": "https://api.github.com/repos/Progate/path-study-environment/keys{/key_id}",
    "collaborators_url": "https://api.github.com/repos/Progate/path-study-environment/collaborators{/collaborator}",
    "teams_url": "https://api.github.com/repos/Progate/path-study-environment/teams",
    "hooks_url": "https://api.github.com/repos/Progate/path-study-environment/hooks",
    "issue_events_url": "https://api.github.com/repos/Progate/path-study-environment/issues/events{/number}",
    "events_url": "https://api.github.com/repos/Progate/path-study-environment/events",
    "assignees_url": "https://api.github.com/repos/Progate/path-study-environment/assignees{/user}",
    "branches_url": "https://api.github.com/repos/Progate/path-study-environment/branches{/branch}",
    "tags_url": "https://api.github.com/repos/Progate/path-study-environment/tags",
    "blobs_url": "https://api.github.com/repos/Progate/path-study-environment/git/blobs{/sha}",
    "git_tags_url": "https://api.github.com/repos/Progate/path-study-environment/git/tags{/sha}",
    "git_refs_url": "https://api.github.com/repos/Progate/path-study-environment/git/refs{/sha}",
    "trees_url": "https://api.github.com/repos/Progate/path-study-environment/git/trees{/sha}",
    "statuses_url": "https://api.github.com/repos/Progate/path-study-environment/statuses/{sha}",
    "languages_url": "https://api.github.com/repos/Progate/path-study-environment/languages",
    "stargazers_url": "https://api.github.com/repos/Progate/path-study-environment/stargazers",
    "contributors_url": "https://api.github.com/repos/Progate/path-study-environment/contributors",
    "subscribers_url": "https://api.github.com/repos/Progate/path-study-environment/subscribers",
    "subscription_url": "https://api.github.com/repos/Progate/path-study-environment/subscription",
    "commits_url": "https://api.github.com/repos/Progate/path-study-environment/commits{/sha}",
    "git_commits_url": "https://api.github.com/repos/Progate/path-study-environment/git/commits{/sha}",
    "comments_url": "https://api.github.com/repos/Progate/path-study-environment/comments{/number}",
    "issue_comment_url": "https://api.github.com/repos/Progate/path-study-environment/issues/comments{/number}",
    "contents_url": "https://api.github.com/repos/Progate/path-study-environment/contents/{+path}",
    "compare_url": "https://api.github.com/repos/Progate/path-study-environment/compare/{base}...{head}",
    "merges_url": "https://api.github.com/repos/Progate/path-study-environment/merges",
    "archive_url": "https://api.github.com/repos/Progate/path-study-environment/{archive_format}{/ref}",
    "downloads_url": "https://api.github.com/repos/Progate/path-study-environment/downloads",
    "issues_url": "https://api.github.com/repos/Progate/path-study-environment/issues{/number}",
    "pulls_url": "https://api.github.com/repos/Progate/path-study-environment/pulls{/number}",
    "milestones_url": "https://api.github.com/repos/Progate/path-study-environment/milestones{/number}",
    "notifications_url": "https://api.github.com/repos/Progate/path-study-environment/notifications{?since,all,participating}",
    "labels_url": "https://api.github.com/repos/Progate/path-study-environment/labels{/name}",
    "releases_url": "https://api.github.com/repos/Progate/path-study-environment/releases{/id}",
    "deployments_url": "https://api.github.com/repos/Progate/path-study-environment/deployments"
  },
  "machine": {
    "name": "<14:<redacted>>",
    "display_name": "2 cores, 8 GB RAM, 32 GB storage",
    "operating_system": "linux",
    "storage_in_bytes": 34359738368,
    "memory_in_bytes": 8589934592,
    "cpus": 2,
    "prebuild_availability": null
  },
  "prebuild": null,
  "created_at": "2024-06-14T13:57:10+09:00",
  "updated_at": "2024-06-14T14:14:27+09:00",
  "last_used_at": "2024-06-14T14:13:16+09:00",
  "state": "Available",
  "url": "https://api.github.com/user/codespaces/didactic-guacamole-j6w7wqpr77wcgrp",
  "git_status": {
    "ahead": 0,
    "behind": 0,
    "has_unpushed_changes": false,
    "has_uncommitted_changes": false,
    "ref": "main"
  },
  "location": "SouthEastAsia",
  "idle_timeout_minutes": 30,
  "web_url": "https://didactic-guacamole-j6w7wqpr77wcgrp.github.dev",
  "machines_url": "https://api.github.com/user/codespaces/didactic-guacamole-j6w7wqpr77wcgrp/machines",
  "start_url": "https://api.github.com/user/codespaces/didactic-guacamole-j6w7wqpr77wcgrp/start",
  "stop_url": "https://api.github.com/user/codespaces/didactic-guacamole-j6w7wqpr77wcgrp/stop",
  "pulls_url": null,
  "recent_folders": [
    "/home/vscode"
  ],
  "runtime_constraints": {
    "allowed_port_privacy_settings": [
      "private",
      "public"
    ]
  },
  "connection": {
    "sessionId": "A1BE59979776ECD3D2D2B08A828203D003BF",
    "sessionPath": "/home/vscode",
    "serviceUri": "https://prod.liveshare.vsengsaas.visualstudio.com/api/v1.2/",
    "relayEndpoint": "sb://vsls-prod-ins-asse-private-relay.servicebus.windows.net/01529de1b245e34bb0f046df4309e8166c5c--21df1912-b89f-44fd-9d72-838b02c86556",
    "relaySas": "<265:<redacted>>",
    "sessionToken": "<1126:<redacted>>",
    "hostPublicKeys": [
      "AAAAB3NzaC1yc2EAAAADAQABAAABAQDAEKwJ8jkB6fJoPHSC2UK+mQXWkApFBx2GtQwjfqq6Rvie5+RWhPRUomYurFF4F3An7aOKAgt6PdO08bHGMSPRAqgKKcLlUKngb0l0DazyxJ+Ayn+lR3PjTyqny8d4HMYqVKNJkHJWg4YWAvnuuilgMH7gFmwr1+IqqPaRwyMwy0/JeZYRIcaEK18kv4qiJh0IOHlO4Lop4ZVgY+s7MINBBlUS+9tPPU4V4irresMj+l6iakHn7Bb+OfZ6TlL1Q1OdGmChgmWBUH8H8z+8nAW/wEPQb5WVuoHoH1g/kylH9fF9SVALcYTGcFkY13RWoaE/IrmpCdGvT9n+XbpOX9CZ"
    ],
    "tunnelProperties": {
      "tunnelId": "fancy-field-ff2gbqx",
      "clusterId": "asse",
      "domain": "app.github.dev",
      "connectAccessToken": "<389:<redacted>>",
      "managePortsAccessToken": "<396:<redacted>>",
      "serviceUri": "https://global.rel.tunnels.api.visualstudio.com/"
    }
  },
  "container_id": "322265399e336fd2a943a4a4ddad897974acaa0c21ed6739f90d36d5dc7a66de",
  "display_name": "didactic guacamole",
  "devcontainer_path": ".devcontainer/devcontainer.json",
  "pending_operation": false,
  "feature_flags": {
    "developer": false,
    "enableRemoteKernel": true,
    "devTunnelsOptOut": false,
    "devTunnelsDesktopPortForwarding": true,
    "devTunnelsDesktopMainConnection": true,
    "useBasisForMainConnectionsWebClient": true,
    "detailedActivityMonitor": false,
    "vscodeAccountSwitching": false,
    "enableSmbDiagnosticContinuousMonitoring": true,
    "enableSmbDiagnosticOnAnomalyMonitoring": false,
    "useEarlyWorkbenchWebClient": true,
    "useCoiWebClient": false,
    "remapUserNamespace": false,
    "removeConnectRetriesWebClient": true,
    "storageV2ExhaustiveValidation": false,
    "forcePushShutdownTelemetry": true,
    "useNewJupyterApi": true,
    "improvedWarmupContainerReuse": true,
    "storageV2ComprehensiveDiagnosticsCollection": false,
    "usingCopilotWorkspaceConfig": false,
    "copilotWorkspace": false,
    "Basis": true,
    "Skuheapscaling": true,
    "CacheIde": true,
    "Developer": false,
    "Eap": false
  },
  "retention_period_minutes": 43200,
  "retention_expires_at": null,
  "template": null,
  "publish_url": null
}
[RemoteExplorer I] Updating codespace performance info
[Client:extension:5ea1:resolver:resolve:1:check-codespace-state I] codespace didactic-guacamole-j6w7wqpr77wcgrp (id: 4ff90cbc-1c26-46fc-b54f-3c52bcbad7ed) is in the "Default" state
[Client:extension:5ea1:resolver:resolve:1:check-codespace-state I] noop
[Client:extension:5ea1:resolver I] Initializing RPC client
[Client:extension:5ea1:resolver I] Running in web, using unix socket for communication
[Client:extension:5ea1:resolver I] Initializing Node-based codespace host service client
[Client:extension:5ea1:resolver I] Initializing Node-based VS Code server host service client
[Client:extension:5ea1:resolver I] Initializing Node-based Jupyter server host service client
[Client:extension:5ea1:resolver:resolve:1:check-codespace-state I] vscode connection options: > object #0: {
  "token": "<1126:<redacted>>",
  "environmentId": "4ff90cbc-1c26-46fc-b54f-3c52bcbad7ed",
  "workspaceId": "A1BE59979776ECD3D2D2B08A828203D003BF",
  "vsCodeCommit": "611f9bfce64f25108829dd295f54a6894e87339d",
  "vsCodeQuality": "stable",
  "extensions": [
    "GitHub.codespaces",
    "GitHub.vscode-pull-request-github"
  ],
  "telemetry": true,
  "liveShareEndpoint": "https://prod.liveshare.vsengsaas.visualstudio.com/api/v1.2/",
  "connectionInfo": {
    "id": "A1BE59979776ECD3D2D2B08A828203D003BF",
    "relaySas": "<265:<redacted>>",
    "relayLink": "sb://vsls-prod-ins-asse-private-relay.servicebus.windows.net/01529de1b245e34bb0f046df4309e8166c5c--21df1912-b89f-44fd-9d72-838b02c86556",
    "sessionToken": "<1126:<redacted>>",
    "hostPublicKeys": [
      "AAAAB3NzaC1yc2EAAAADAQABAAABAQDAEKwJ8jkB6fJoPHSC2UK+mQXWkApFBx2GtQwjfqq6Rvie5+RWhPRUomYurFF4F3An7aOKAgt6PdO08bHGMSPRAqgKKcLlUKngb0l0DazyxJ+Ayn+lR3PjTyqny8d4HMYqVKNJkHJWg4YWAvnuuilgMH7gFmwr1+IqqPaRwyMwy0/JeZYRIcaEK18kv4qiJh0IOHlO4Lop4ZVgY+s7MINBBlUS+9tPPU4V4irresMj+l6iakHn7Bb+OfZ6TlL1Q1OdGmChgmWBUH8H8z+8nAW/wEPQb5WVuoHoH1g/kylH9fF9SVALcYTGcFkY13RWoaE/IrmpCdGvT9n+XbpOX9CZ"
    ],
    "tunnelProperties": {
      "tunnelId": "fancy-field-ff2gbqx",
      "clusterId": "asse",
      "domain": "app.github.dev",
      "connectAccessToken": "<389:<redacted>>",
      "managePortsAccessToken": "<396:<redacted>>",
      "serviceUri": "https://global.rel.tunnels.api.visualstudio.com/"
    }
  }
}
[RemoteExplorer I] Updating codespace details
[Client:extension:5ea1:resolver I] Executed start-remote-server using gRPC
[Client:extension:5ea1:resolver:resolve:1 I] vscode server remote port: "42143", local port: "undefined"}
[Client V] connect duration: 2894 ms
[Client:extension:5ea1:resolver:resolve:1 I] Progress: Done
[Client:extension:5ea1:resolver I] Subscribed to event stream
[Client:extension:5ea1:resolver:resolve:1:background-tasks I] launching background configuration tasks
[Client:extension:5ea1:resolver:resolve:1:background-tasks I] Running in web, starting post attach command listener without disposable
[Client:extension:5ea1:resolver:resolve:1:background-tasks:post-attach-command-manager I] PostAttachCommandManager: addEnvironmentConfiguredEventCallback()
[Client:extension:5ea1:resolver:resolve:1:background-tasks I] no max idle timeout notice
[Client:extension:5ea1:resolver:resolve:1:background-tasks V] checking correctness of the codespace session path> object #0: [
  {
    "uri": {
      "$mid": 1,
      "fsPath": "/home/vscode/progate_path/vscode_tutorial_get_starting_with_vscode/vscode_tutorial",
      "external": "file:///home/vscode/progate_path/vscode_tutorial_get_starting_with_vscode/vscode_tutorial",
      "path": "/home/vscode/progate_path/vscode_tutorial_get_starting_with_vscode/vscode_tutorial",
      "scheme": "file"
    },
    "name": "<15:<redacted>>",
    "index": 0
  }
]
[Client:extension:5ea1:resolver:resolve:1:background-tasks I] session path correction - progressType: "0"
[Client:extension:5ea1:resolver:resolve:1:background-tasks I] Running in web, starting dev container change event listener without disposable
[Client:extension:5ea1:resolver:resolve:1:background-tasks I] Running in web, starting secrets updated event listener without disposable
[Client:extension:5ea1:resolver:resolve:1:background-tasks I] Running in web, starting codespace stopping event listener without disposable
[Client:extension:5ea1:resolver:resolve:1:background-tasks I] starting activity monitor, isRunningInWeb: "true"
[Client:extension:5ea1:resolver:resolve:1:background-tasks:activity-monitor:vscode-activity-provider I] isRunningInWeb: true
[Client:extension:5ea1:resolver:resolve:1:background-tasks:activity-monitor:vscode-activity-provider I] starting activity monitor
[Client:extension:5ea1:resolver:resolve:1:background-tasks:activity-monitor:vscode-activity-provider V] sending activity heartbeat
[Client:extension:5ea1:resolver:resolve:1:background-tasks I] Running in web, starting user notification event listener without disposable
[Command:Connect I] Command [Connect to Codespace]: Connect to Codespace Success (4409ms)
[Command:Connect I] Decorator finishing: Telemetry. Duration: 3ms (1 + 2)
[Command:Connect I] Decorator finishing: ErrorNotification. Duration: 34ms (0 + 34)
[Client:extension:5ea1:resolver I] Received event: Subscribed
[Client:extension:5ea1:resolver I] Client 7f2e9e02-b54e-478d-aea6-26d92aa10cc7 subscribed to event stream
[Client:extension:5ea1:resolver I] Received event: CreationLogUpdated
[Client:extension:5ea1:resolver I] Event payload: {"text":"Finding image...","type":"inProgress","isStreamingLogs":false}
[Client:extension:5ea1:resolver I] Received event: CreationLogUpdated
[Client:extension:5ea1:resolver I] Event payload: {"text":"Image found.","type":"succeeded","isStreamingLogs":false}
[Client:extension:5ea1:resolver I] Received event: CreationLogUpdated
[Client:extension:5ea1:resolver I] Event payload: {"text":"Building container...","type":"inProgress","isStreamingLogs":true}
[Client:extension:5ea1:resolver I] Received event: CreationLogUpdated
[Client:extension:5ea1:resolver I] Event payload: {"text":"Container built.","type":"succeeded","isStreamingLogs":false}
[Client:extension:5ea1:resolver I] Received event: EnvironmentConfigured
[Client:extension:5ea1:resolver:resolve:1:background-tasks:post-attach-command-manager I] PostAttachCommandManager: handleEnvironmentConfiguredEvent()
[Client:extension:5ea1:resolver:resolve:1:background-tasks I] GetRemotePid: Echoing $PPID to /tmp/codespace_pids/.pid-c28acc20-66c6-4bbf-b677-ca219f7beb57...
[Client:extension:5ea1:resolver:resolve:1:background-tasks I] GetRemotePid: Start polling for existance of PID file at file:///tmp/codespace_pids/.pid-c28acc20-66c6-4bbf-b677-ca219f7beb57 took 2 ms...
[Client:extension:5ea1:resolver:resolve:1:background-tasks I] Executed is-recovery-container using gRPC
[Client:extension:5ea1:resolver:resolve:1:background-tasks V] not in recovery container
[Client:extension:5ea1:resolver:resolve:1:background-tasks:activity-monitor:vscode-activity-provider I] Executed notify-codespace-of-client-activity using gRPC
[Client:extension:5ea1:resolver:resolve:1:background-tasks:activity-monitor:vscode-activity-provider I] Activity signal sent with result true
[Client:extension:5ea1:resolver:resolve:1:background-tasks I] Executed get-container-persisted-folder using gRPC
[Client:extension:5ea1:resolver:resolve:1:background-tasks V] container folder path: "/workspaces/.codespaces/.persistedshare"
[Client:extension:5ea1:resolver:resolve:1:background-tasks V] shared folder path: "/workspaces/.codespaces/shared/postCreateOutput.json"
[Client:extension:5ea1:resolver:resolve:1:background-tasks V] shared file path: "/workspaces/.codespaces/shared/postCreateOutput.json"
[Performance I] Executed get-container-persisted-folder using gRPC
[ResourceUsage I] Executed get-container-persisted-folder using gRPC
[ResourceUsage V] container folder path: "/workspaces/.codespaces/.persistedshare"
[ResourceUsage V] shared folder path: "/workspaces/.codespaces/shared/resource-usage.json"
[ResourceUsage V] shared file path: "/workspaces/.codespaces/shared/resource-usage.json"
[ResourceUsage I] Starting monitor
[ResourceUsage I] Checking if the codespace connection exists
[ResourceUsage I] Running in web, starting monitor without disposable
[Client:extension:5ea1:resolver:resolve:1:background-tasks I] Executed configure-environment using gRPC
[Client:extension:5ea1:resolver:resolve:1:background-tasks:openDefaultFiles I] Skipping openFiles in the web because it is handled by the embedder
[Performance I] Starting monitor
[Performance I] Checking if the codespace connection exists
[Performance I] Running in web, starting monitor without disposable
[Client:extension:5ea1:resolver:resolve:1:background-tasks:post-attach-command-manager I] PostAttachCommandManager: commandsKey: codespaces.998.runningPostAttachCommands
[Client:extension:5ea1:resolver:resolve:1:background-tasks:post-attach-command-manager I] PostAttachCommandManager: Running /bin/bash ~/environment/.devcontainer/postAttachCommand.sh in terminal Codespaces: /bin/bash ~/environment/.devcontainer/postAttachCommand.sh
[RemoteExplorer I] Updating codespace performance info
[RemoteExplorer I] Updating codespace details
[Client:extension:5ea1:resolver:resolve:1:background-tasks:post-attach-command-manager I] PostAttachCommandManager: Added Codespaces: /bin/bash ~/environment/.devcontainer/postAttachCommand.sh to codespaces.998.runningPostAttachCommands
[Performance I] Executed get-performance-data using gRPC
[Client:extension:5ea1:resolver:resolve:1:background-tasks:activity-monitor:vscode-activity-provider V] sending activity heartbeat
[Client:extension:5ea1:resolver:resolve:1:background-tasks:activity-monitor:vscode-activity-provider I] Executed notify-codespace-of-client-activity using gRPC
[Client:extension:5ea1:resolver:resolve:1:background-tasks:activity-monitor:vscode-activity-provider I] Activity signal sent with result true
[Performance I] Executed get-performance-data using gRPC
[Performance I] Executed get-performance-data using gRPC
[Performance I] Executed get-performance-data using gRPC
[Client:extension:5ea1:resolver:resolve:1:background-tasks:activity-monitor:vscode-activity-provider V] sending activity heartbeat
[Client:extension:5ea1:resolver:resolve:1:background-tasks:activity-monitor:vscode-activity-provider I] Executed notify-codespace-of-client-activity using gRPC
[Client:extension:5ea1:resolver:resolve:1:background-tasks:activity-monitor:vscode-activity-provider I] Activity signal sent with result true
[Performance I] Executed get-performance-data using gRPC
[Performance I] Executed get-performance-data using gRPC
[Performance I] Executed get-performance-data using gRPC
[Performance I] Executed get-performance-data using gRPC
[Performance I] Executed get-performance-data using gRPC
[Performance I] Executed get-performance-data using gRPC
[Performance I] Executed get-performance-data using gRPC
[Performance I] Executed get-performance-data using gRPC
[Performance I] Executed get-performance-data using gRPC
[Performance I] Executed get-performance-data using gRPC
[Performance I] Executed get-performance-data using gRPC
[Performance I] Executed get-performance-data using gRPC
[Performance I] Executed get-performance-data using gRPC
[Performance I] Executed get-performance-data using gRPC
[Performance I] Executed get-performance-data using gRPC
[Performance I] Executed get-performance-data using gRPC
[Performance I] Executed get-performance-data using gRPC
[Performance I] Executed get-performance-data using gRPC
[Performance I] Executed get-performance-data using gRPC
[Performance I] Executed get-performance-data using gRPC
[Performance I] Executed get-performance-data using gRPC
[Performance I] Executed get-performance-data using gRPC
[Performance I] Executed get-performance-data using gRPC
[Performance I] Executed get-performance-data using gRPC
[Performance I] Executed get-performance-data using gRPC
[Performance I] Executed get-performance-data using gRPC
[Performance I] Executed get-performance-data using gRPC
[Performance I] Executed get-performance-data using gRPC
[Performance I] Executed get-performance-data using gRPC
[Performance I] Executed get-performance-data using gRPC
[Performance I] Executed get-performance-data using gRPC
[Performance I] Executed get-performance-data using gRPC
[Performance I] Executed get-performance-data using gRPC
[Performance I] Executed get-performance-data using gRPC
[Performance I] Executed get-performance-data using gRPC
[Performance I] Executed get-performance-data using gRPC
[Performance I] Executed get-performance-data using gRPC
[Performance I] Executed get-performance-data using gRPC
[Performance I] Executed get-performance-data using gRPC
[Performance I] Executed get-performance-data using gRPC
[Performance I] Executed get-performance-data using gRPC
[Performance I] Executed get-performance-data using gRPC
[Performance I] Executed get-performance-data using gRPC
[Performance I] Executed get-performance-data using gRPC
[Performance I] Executed get-performance-data using gRPC
[Performance I] Executed get-performance-data using gRPC
[Performance I] Executed get-performance-data using gRPC
[Performance I] Executed get-performance-data using gRPC
[Performance I] Executed get-performance-data using gRPC
[Performance I] Executed get-performance-data using gRPC
[Performance I] Executed get-performance-data using gRPC
[Performance I] Executed get-performance-data using gRPC
[Performance I] Executed get-performance-data using gRPC
[Performance I] Executed get-performance-data using gRPC
[Performance I] Executed get-performance-data using gRPC
[Performance I] Executed get-performance-data using gRPC
[Client:extension:5ea1:resolver I] Received event: CodespaceStopping
[Client:extension:5ea1:resolver I] Event payload: {"forced":false,"timeoutInMs":2000.0}
[Client:extension:5ea1:resolver:resolve:1:background-tasks I] notifying user about auto-stopping codespace.
[Performance I] Executed get-performance-data using gRPC
[Performance I] Executed get-performance-data using gRPC
[Performance I] Executed get-performance-data using gRPC
[Performance I] Executed get-performance-data using gRPC
