2024-06-14 05:02:36.302 [info] Reading sessions from keychain...
2024-06-14 05:02:36.302 [info] Getting sessions for all scopes...
2024-06-14 05:02:36.302 [info] Getting sessions for user:email...
2024-06-14 05:02:36.302 [info] Got stored sessions!
2024-06-14 05:02:36.302 [info] Got 6 verified sessions.
2024-06-14 05:02:36.302 [info] Got 6 sessions for ...
2024-06-14 05:02:36.302 [info] Got 1 sessions for user:email...
2024-06-14 05:02:36.374 [info] Getting sessions for codespace,read:user,repo,user:email...
2024-06-14 05:02:36.376 [info] Got 1 sessions for codespace,read:user,repo,user:email...
2024-06-14 05:02:36.392 [info] Getting sessions for all scopes...
2024-06-14 05:02:36.392 [info] Got 6 sessions for ...
2024-06-14 05:02:44.976 [info] Getting sessions for all scopes...
2024-06-14 05:02:44.976 [info] Got 6 sessions for ...
2024-06-14 05:02:48.166 [info] Getting sessions for all scopes...
2024-06-14 05:02:48.180 [info] Got 6 sessions for ...
2024-06-14 05:02:49.570 [info] Getting sessions for all scopes...
2024-06-14 05:02:49.571 [info] Got 6 sessions for ...
2024-06-14 05:02:50.545 [info] Getting sessions for all scopes...
2024-06-14 05:02:50.549 [info] Got 6 sessions for ...
2024-06-14 05:02:51.395 [info] Getting sessions for project,read:org,read:user,repo,user:email,workflow...
2024-06-14 05:02:51.395 [info] Getting sessions for all scopes...
2024-06-14 05:02:51.395 [info] Got 0 sessions for project,read:org,read:user,repo,user:email,workflow...
2024-06-14 05:02:51.395 [info] Got 6 sessions for ...
2024-06-14 05:02:53.669 [info] Getting sessions for read:user,repo,user:email,workflow...
2024-06-14 05:02:53.676 [info] Got 1 sessions for read:user,repo,user:email,workflow...
2024-06-14 05:02:53.893 [info] Getting sessions for read:user,repo,user:email,workflow...
2024-06-14 05:02:53.893 [info] Got 1 sessions for read:user,repo,user:email,workflow...
2024-06-14 05:02:56.116 [info] Getting sessions for read:user,repo,user:email,workflow...
2024-06-14 05:02:56.116 [info] Got 1 sessions for read:user,repo,user:email,workflow...
2024-06-14 05:03:19.159 [info] Getting sessions for read:user,repo,user:email,workflow...
2024-06-14 05:03:19.166 [info] Getting sessions for read:user,repo,user:email,workflow...
2024-06-14 05:03:19.167 [info] Getting sessions for read:user...
2024-06-14 05:03:19.167 [info] Getting sessions for user:email...
2024-06-14 05:03:19.167 [info] Got 1 sessions for read:user,repo,user:email,workflow...
2024-06-14 05:03:19.168 [info] Got 1 sessions for read:user,repo,user:email,workflow...
2024-06-14 05:03:19.168 [info] Got 1 sessions for read:user...
2024-06-14 05:03:19.168 [info] Got 1 sessions for user:email...
2024-06-14 05:03:22.421 [info] Getting sessions for read:user,repo,user:email,workflow...
2024-06-14 05:03:22.421 [info] Getting sessions for read:user...
2024-06-14 05:03:22.421 [info] Getting sessions for user:email...
2024-06-14 05:03:22.421 [info] Got 1 sessions for read:user,repo,user:email,workflow...
2024-06-14 05:03:22.421 [info] Got 1 sessions for read:user...
2024-06-14 05:03:22.421 [info] Got 1 sessions for user:email...
2024-06-14 05:03:22.923 [info] Getting sessions for read:user,repo,user:email,workflow...
2024-06-14 05:03:22.924 [info] Getting sessions for read:user...
2024-06-14 05:03:22.924 [info] Getting sessions for user:email...
2024-06-14 05:03:22.924 [info] Got 1 sessions for read:user,repo,user:email,workflow...
2024-06-14 05:03:22.924 [info] Got 1 sessions for read:user...
2024-06-14 05:03:22.925 [info] Got 1 sessions for user:email...
