2024-06-14 05:13:32.997 [info] Reading sessions from keychain...
2024-06-14 05:13:32.997 [info] Getting sessions for all scopes...
2024-06-14 05:13:32.997 [info] Getting sessions for user:email...
2024-06-14 05:13:32.998 [info] Got stored sessions!
2024-06-14 05:13:32.998 [info] Got 6 verified sessions.
2024-06-14 05:13:32.998 [info] Got 6 sessions for ...
2024-06-14 05:13:32.999 [info] Got 1 sessions for user:email...
2024-06-14 05:13:33.507 [info] Getting sessions for codespace,read:user,repo,user:email...
2024-06-14 05:13:33.507 [info] Getting sessions for all scopes...
2024-06-14 05:13:33.507 [info] Got 1 sessions for codespace,read:user,repo,user:email...
2024-06-14 05:13:33.507 [info] Got 6 sessions for ...
2024-06-14 05:13:34.392 [info] Getting sessions for all scopes...
2024-06-14 05:13:34.393 [info] Got 6 sessions for ...
2024-06-14 05:13:36.157 [info] Getting sessions for all scopes...
2024-06-14 05:13:36.157 [info] Got 6 sessions for ...
2024-06-14 05:13:36.682 [info] Getting sessions for all scopes...
2024-06-14 05:13:36.683 [info] Got 6 sessions for ...
2024-06-14 05:13:37.151 [info] Getting sessions for read:user,repo,user:email,workflow...
2024-06-14 05:13:37.152 [info] Getting sessions for read:user,repo,user:email,workflow...
2024-06-14 05:13:37.152 [info] Getting sessions for read:user...
2024-06-14 05:13:37.152 [info] Getting sessions for user:email...
2024-06-14 05:13:37.152 [info] Getting sessions for all scopes...
2024-06-14 05:13:37.152 [info] Got 1 sessions for read:user,repo,user:email,workflow...
2024-06-14 05:13:37.152 [info] Got 1 sessions for read:user,repo,user:email,workflow...
2024-06-14 05:13:37.152 [info] Got 1 sessions for read:user...
2024-06-14 05:13:37.152 [info] Got 1 sessions for user:email...
2024-06-14 05:13:37.152 [info] Got 6 sessions for ...
2024-06-14 05:13:37.494 [info] Getting sessions for project,read:org,read:user,repo,user:email,workflow...
2024-06-14 05:13:37.495 [info] Getting sessions for all scopes...
2024-06-14 05:13:37.495 [info] Got 0 sessions for project,read:org,read:user,repo,user:email,workflow...
2024-06-14 05:13:37.495 [info] Got 6 sessions for ...
2024-06-14 05:13:38.017 [info] Getting sessions for read:user,repo,user:email,workflow...
2024-06-14 05:13:38.018 [info] Got 1 sessions for read:user,repo,user:email,workflow...
2024-06-14 05:13:38.632 [info] Getting sessions for read:user,repo,user:email,workflow...
2024-06-14 05:13:38.632 [info] Got 1 sessions for read:user,repo,user:email,workflow...
2024-06-14 05:13:38.862 [info] Getting sessions for read:user,repo,user:email,workflow...
2024-06-14 05:13:38.862 [info] Getting sessions for read:user...
2024-06-14 05:13:38.862 [info] Getting sessions for user:email...
2024-06-14 05:13:38.862 [info] Got 1 sessions for read:user,repo,user:email,workflow...
2024-06-14 05:13:38.863 [info] Got 1 sessions for read:user...
2024-06-14 05:13:38.863 [info] Got 1 sessions for user:email...
2024-06-14 05:13:39.648 [info] Getting sessions for read:user,repo,user:email,workflow...
2024-06-14 05:13:39.649 [info] Getting sessions for read:user...
2024-06-14 05:13:39.649 [info] Getting sessions for user:email...
2024-06-14 05:13:39.649 [info] Got 1 sessions for read:user,repo,user:email,workflow...
2024-06-14 05:13:39.649 [info] Got 1 sessions for read:user...
2024-06-14 05:13:39.649 [info] Got 1 sessions for user:email...
2024-06-14 05:13:41.874 [info] Getting sessions for read:user,repo,user:email,workflow...
2024-06-14 05:13:41.876 [info] Got 1 sessions for read:user,repo,user:email,workflow...
