2024-06-21 00:53:06.438 [warning] /home/vscode/.ssh/config: ENOENT: no such file or directory, open '/home/vscode/.ssh/config'
2024-06-21 00:53:06.438 [info] Activation> Extension version: 0.90.0
2024-06-21 00:53:07.418 [info] Looking for git repository
2024-06-21 00:53:07.418 [info] Found 0 repositories during activation
2024-06-21 00:53:07.418 [info] Git repository found, initializing review manager and pr tree view.
2024-06-21 00:53:07.419 [info] Registering git provider
2024-06-21 00:54:35.480 [info] Repository file:///home/vscode/progate_path/self_introduction_branch/self_introduction has been opened
2024-06-21 00:54:35.480 [info] Review+0> Validate state in progress
2024-06-21 00:54:35.480 [info] Review+0> Validating state...
2024-06-21 00:54:35.481 [warning] No remotes found. The following remotes are missing: origin, upstream
2024-06-21 00:54:35.481 [info] No GitHub remotes found for folder /home/vscode/progate_path/self_introduction_branch/self_introduction
2024-06-21 00:54:35.482 [info] Trying to use globalState for assignableUsers.
2024-06-21 00:54:35.503 [info] Review+0> Queuing additional validate state
2024-06-21 00:54:35.503 [info] Repo state for file:///home/vscode/progate_path/self_introduction_branch/self_introduction changed.
2024-06-21 00:54:35.503 [info] Repo file:///home/vscode/progate_path/self_introduction_branch/self_introduction has already been setup.
2024-06-21 00:54:35.607 [info] Using globalState assignableUsers for 0.
2024-06-21 00:54:36.077 [info] Review+0> Validating state...
2024-06-21 00:54:36.077 [warning] No remotes found. The following remotes are missing: origin, upstream
2024-06-21 00:54:36.077 [info] No GitHub remotes found for folder /home/vscode/progate_path/self_introduction_branch/self_introduction
2024-06-21 00:54:36.077 [info] Using in-memory cached assignable users.
2024-06-21 00:54:36.087 [info] Review+0> No matching pull request metadata found locally for current branch main
2024-06-21 00:54:36.094 [info] Review+0> No matching pull request metadata found on GitHub for current branch main
2024-06-21 00:54:49.942 [info] Review+0> Validate state in progress
2024-06-21 00:54:49.942 [info] Review+0> Validating state...
2024-06-21 00:54:49.943 [warning] No remotes found. The following remotes are missing: origin, upstream
2024-06-21 00:54:49.943 [info] No GitHub remotes found for folder /home/vscode/progate_path/self_introduction_branch/self_introduction
2024-06-21 00:54:49.943 [info] Using in-memory cached assignable users.
2024-06-21 00:54:49.951 [info] Review+0> No matching pull request metadata found locally for current branch main
2024-06-21 00:54:49.958 [info] Review+0> No matching pull request metadata found on GitHub for current branch main
2024-06-21 00:55:50.490 [info] Review+0> Validate state in progress
2024-06-21 00:55:50.490 [info] Review+0> Validating state...
2024-06-21 00:55:50.490 [warning] No remotes found. The following remotes are missing: origin, upstream
2024-06-21 00:55:50.490 [info] No GitHub remotes found for folder /home/vscode/progate_path/self_introduction_branch/self_introduction
2024-06-21 00:55:50.491 [info] Using in-memory cached assignable users.
2024-06-21 00:55:50.500 [info] Review+0> No matching pull request metadata found locally for current branch branch-a
2024-06-21 00:55:50.506 [info] Review+0> No matching pull request metadata found on GitHub for current branch branch-a
2024-06-21 00:56:40.073 [info] Review+0> Validate state in progress
2024-06-21 00:56:40.073 [info] Review+0> Validating state...
2024-06-21 00:56:40.073 [warning] No remotes found. The following remotes are missing: origin, upstream
2024-06-21 00:56:40.073 [info] No GitHub remotes found for folder /home/vscode/progate_path/self_introduction_branch/self_introduction
2024-06-21 00:56:40.073 [info] Using in-memory cached assignable users.
2024-06-21 00:56:40.083 [info] Review+0> No matching pull request metadata found locally for current branch branch-a
2024-06-21 00:56:40.089 [info] Review+0> No matching pull request metadata found on GitHub for current branch branch-a
2024-06-21 01:01:06.864 [info] Review+0> Validate state in progress
2024-06-21 01:01:06.864 [info] Review+0> Validating state...
2024-06-21 01:01:06.864 [warning] No remotes found. The following remotes are missing: origin, upstream
2024-06-21 01:01:06.864 [info] No GitHub remotes found for folder /home/vscode/progate_path/self_introduction_branch/self_introduction
2024-06-21 01:01:06.864 [info] Using in-memory cached assignable users.
2024-06-21 01:01:06.873 [info] Review+0> No matching pull request metadata found locally for current branch branch-a
2024-06-21 01:01:06.879 [info] Review+0> No matching pull request metadata found on GitHub for current branch branch-a
2024-06-21 01:01:34.934 [info] Using in-memory cached assignable users.
2024-06-21 01:02:00.484 [info] Review+0> Validate state in progress
2024-06-21 01:02:00.484 [info] Review+0> Validating state...
2024-06-21 01:02:00.484 [warning] No remotes found. The following remotes are missing: origin, upstream
2024-06-21 01:02:00.484 [info] No GitHub remotes found for folder /home/vscode/progate_path/self_introduction_branch/self_introduction
2024-06-21 01:02:00.484 [info] Using in-memory cached assignable users.
2024-06-21 01:02:00.493 [info] Review+0> No matching pull request metadata found locally for current branch main
2024-06-21 01:02:00.499 [info] Review+0> No matching pull request metadata found on GitHub for current branch main
2024-06-21 01:02:19.448 [info] Review+0> Validate state in progress
2024-06-21 01:02:19.448 [info] Review+0> Validating state...
2024-06-21 01:02:19.448 [warning] No remotes found. The following remotes are missing: origin, upstream
2024-06-21 01:02:19.448 [info] No GitHub remotes found for folder /home/vscode/progate_path/self_introduction_branch/self_introduction
2024-06-21 01:02:19.448 [info] Using in-memory cached assignable users.
2024-06-21 01:02:19.456 [info] Review+0> No matching pull request metadata found locally for current branch main
2024-06-21 01:02:19.462 [info] Review+0> No matching pull request metadata found on GitHub for current branch main
2024-06-21 01:04:47.062 [info] Review+0> Validate state in progress
2024-06-21 01:04:47.062 [info] Review+0> Validating state...
2024-06-21 01:04:47.062 [warning] No remotes found. The following remotes are missing: origin, upstream
2024-06-21 01:04:47.062 [info] No GitHub remotes found for folder /home/vscode/progate_path/self_introduction_branch/self_introduction
2024-06-21 01:04:47.062 [info] Using in-memory cached assignable users.
2024-06-21 01:04:47.070 [info] Review+0> No matching pull request metadata found locally for current branch branch-a
2024-06-21 01:04:47.076 [info] Review+0> No matching pull request metadata found on GitHub for current branch branch-a
2024-06-21 01:06:12.660 [info] Review+0> Validate state in progress
2024-06-21 01:06:12.660 [info] Review+0> Validating state...
2024-06-21 01:06:12.661 [warning] No remotes found. The following remotes are missing: origin, upstream
2024-06-21 01:06:12.661 [info] No GitHub remotes found for folder /home/vscode/progate_path/self_introduction_branch/self_introduction
2024-06-21 01:06:12.661 [info] Using in-memory cached assignable users.
2024-06-21 01:06:12.669 [info] Review+0> No matching pull request metadata found locally for current branch branch-a
2024-06-21 01:06:12.675 [info] Review+0> No matching pull request metadata found on GitHub for current branch branch-a
2024-06-21 01:06:24.955 [info] Review+0> Validate state in progress
2024-06-21 01:06:24.955 [info] Review+0> Validating state...
2024-06-21 01:06:24.955 [warning] No remotes found. The following remotes are missing: origin, upstream
2024-06-21 01:06:24.955 [info] No GitHub remotes found for folder /home/vscode/progate_path/self_introduction_branch/self_introduction
2024-06-21 01:06:24.955 [info] Using in-memory cached assignable users.
2024-06-21 01:06:24.964 [info] Review+0> No matching pull request metadata found locally for current branch main
2024-06-21 01:06:24.970 [info] Review+0> No matching pull request metadata found on GitHub for current branch main
2024-06-21 01:06:31.645 [info] Review+0> Validate state in progress
2024-06-21 01:06:31.645 [info] Review+0> Validating state...
2024-06-21 01:06:31.645 [warning] No remotes found. The following remotes are missing: origin, upstream
2024-06-21 01:06:31.645 [info] No GitHub remotes found for folder /home/vscode/progate_path/self_introduction_branch/self_introduction
2024-06-21 01:06:31.645 [info] Using in-memory cached assignable users.
2024-06-21 01:06:31.655 [info] Review+0> No matching pull request metadata found locally for current branch main
2024-06-21 01:06:31.661 [info] Review+0> No matching pull request metadata found on GitHub for current branch main
