2024-06-14 11:53:19.205 [info] ログ レベル: Info
2024-06-14 11:53:19.205 [info] Git の検証が検出されました: "git"
2024-06-14 11:53:19.205 [info] "git" から Git "2.45.1" を使用しています
2024-06-14 11:53:19.205 [info] > git rev-parse --show-toplevel [10ms]
2024-06-14 11:53:19.205 [info] fatal: not a git repository (or any of the parent directories): .git
2024-06-14 11:53:19.205 [info] > git rev-parse --show-toplevel [82ms]
2024-06-14 11:53:19.205 [info] fatal: not a git repository (or any of the parent directories): .git
2024-06-14 11:53:19.205 [info] > git rev-parse --show-toplevel [6ms]
2024-06-14 11:53:19.205 [info] fatal: not a git repository (or any of the parent directories): .git
2024-06-14 11:53:19.205 [info] > git rev-parse --show-toplevel [9ms]
2024-06-14 11:53:19.205 [info] fatal: not a git repository (or any of the parent directories): .git
2024-06-14 11:53:19.205 [info] > git rev-parse --show-toplevel [12ms]
2024-06-14 11:53:19.205 [info] fatal: not a git repository (or any of the parent directories): .git
2024-06-14 11:53:33.421 [info] > git rev-parse --show-toplevel [9ms]
2024-06-14 11:53:33.421 [info] fatal: not a git repository (or any of the parent directories): .git
2024-06-14 11:53:33.784 [info] > git rev-parse --show-toplevel [9ms]
2024-06-14 11:53:33.784 [info] fatal: not a git repository (or any of the parent directories): .git
2024-06-14 11:53:33.960 [info] > git rev-parse --show-toplevel [6ms]
2024-06-14 11:53:33.960 [info] fatal: not a git repository (or any of the parent directories): .git
2024-06-14 11:53:34.132 [info] > git rev-parse --show-toplevel [2ms]
2024-06-14 11:53:34.132 [info] fatal: not a git repository (or any of the parent directories): .git
2024-06-14 11:53:34.449 [info] > git rev-parse --show-toplevel [3ms]
2024-06-14 11:53:34.449 [info] fatal: not a git repository (or any of the parent directories): .git
2024-06-14 11:53:35.181 [info] > git rev-parse --show-toplevel [4ms]
2024-06-14 11:53:35.181 [info] fatal: not a git repository (or any of the parent directories): .git
