2024-06-14 05:13:36.570 [info] ログ レベル: Info
2024-06-14 05:13:36.570 [info] Git の検証が検出されました: "git"
2024-06-14 05:13:36.570 [info] "git" から Git "2.45.1" を使用しています
2024-06-14 05:13:36.570 [info] > git rev-parse --show-toplevel [1995ms]
2024-06-14 05:13:36.570 [info] fatal: not a git repository (or any of the parent directories): .git
2024-06-14 05:13:36.570 [info] > git rev-parse --show-toplevel [17ms]
2024-06-14 05:13:36.570 [info] fatal: not a git repository (or any of the parent directories): .git
2024-06-14 05:13:36.570 [info] > git rev-parse --show-toplevel [22ms]
2024-06-14 05:13:36.570 [info] fatal: not a git repository (or any of the parent directories): .git
2024-06-14 05:13:36.848 [info] > git rev-parse --show-toplevel [189ms]
2024-06-14 05:13:36.848 [info] fatal: not a git repository (or any of the parent directories): .git
2024-06-14 05:13:36.916 [info] > git rev-parse --show-toplevel [58ms]
2024-06-14 05:13:37.029 [info] > git rev-parse --git-dir --git-common-dir [22ms]
2024-06-14 05:13:37.040 [info] Open repository: /home/vscode/.nodenv
2024-06-14 05:13:37.118 [info] > git rev-parse --show-toplevel [13ms]
2024-06-14 05:13:37.119 [info] > git config --get commit.template [23ms]
2024-06-14 05:13:37.153 [info] > git rev-parse --git-dir --git-common-dir [26ms]
2024-06-14 05:13:37.156 [info] Open repository: /home/vscode/.oh-my-zsh
2024-06-14 05:13:37.170 [info] > git for-each-ref --format=%(refname)%00%(upstream:short)%00%(objectname)%00%(upstream:track)%00%(upstream:remotename)%00%(upstream:remoteref) refs/heads/main refs/remotes/main [26ms]
2024-06-14 05:13:37.177 [warning] ENOENT: no such file or directory, open '/home/vscode/.nodenv/.git/refs/remotes/origin/main'
2024-06-14 05:13:37.184 [info] > git rev-parse --show-toplevel [14ms]
2024-06-14 05:13:37.184 [info] fatal: not a git repository (or any of the parent directories): .git
2024-06-14 05:13:37.185 [info] > git config --get commit.template [20ms]
2024-06-14 05:13:37.192 [info] > git rev-parse refs/remotes/origin/main [15ms]
2024-06-14 05:13:37.215 [info] > git status -z -uall [17ms]
2024-06-14 05:13:37.215 [info] > git rev-parse --show-toplevel [24ms]
2024-06-14 05:13:37.215 [info] fatal: not a git repository (or any of the parent directories): .git
2024-06-14 05:13:37.223 [info] > git for-each-ref --format=%(refname)%00%(upstream:short)%00%(objectname)%00%(upstream:track)%00%(upstream:remotename)%00%(upstream:remoteref) refs/heads/master refs/remotes/master [18ms]
2024-06-14 05:13:37.241 [warning] ENOENT: no such file or directory, open '/home/vscode/.oh-my-zsh/.git/refs/remotes/origin/master'
2024-06-14 05:13:37.248 [info] > git merge-base refs/heads/main refs/remotes/origin/main [17ms]
2024-06-14 05:13:37.256 [info] > git rev-parse --show-toplevel [33ms]
2024-06-14 05:13:37.264 [info] > git config --get commit.template [17ms]
2024-06-14 05:13:37.265 [info] > git rev-parse refs/remotes/origin/master [24ms]
2024-06-14 05:13:37.271 [info] > git rev-parse --git-dir --git-common-dir [8ms]
2024-06-14 05:13:37.275 [info] Open repository: /home/vscode/environment
2024-06-14 05:13:37.276 [info] > git rev-list --count --left-right refs/heads/main...refs/remotes/origin/main [21ms]
2024-06-14 05:13:37.317 [info] > git rev-parse --show-toplevel [14ms]
2024-06-14 05:13:37.317 [info] fatal: not a git repository (or any of the parent directories): .git
2024-06-14 05:13:37.320 [info] > git config --get commit.template [23ms]
2024-06-14 05:13:37.320 [info] > git for-each-ref --format=%(refname)%00%(upstream:short)%00%(objectname)%00%(upstream:track)%00%(upstream:remotename)%00%(upstream:remoteref) refs/heads/main refs/remotes/main [29ms]
2024-06-14 05:13:37.320 [info] > git diff --name-status -z --diff-filter=ADMR a0089384b7c4e8fba66ebb90dad255311e49f44e...refs/remotes/origin/main [37ms]
2024-06-14 05:13:37.328 [warning] ENOENT: no such file or directory, open '/home/vscode/.nodenv/.git/refs/remotes/origin/main'
2024-06-14 05:13:37.340 [info] > git rev-parse refs/remotes/origin/main [12ms]
2024-06-14 05:13:37.351 [info] > git for-each-ref --format=%(refname)%00%(upstream:short)%00%(objectname)%00%(upstream:track)%00%(upstream:remotename)%00%(upstream:remoteref) refs/heads/main refs/remotes/main [11ms]
2024-06-14 05:13:37.366 [warning] ENOENT: no such file or directory, open '/home/vscode/environment/.git/refs/remotes/origin/main'
2024-06-14 05:13:37.367 [info] > git status -z -uall [20ms]
2024-06-14 05:13:37.388 [info] > git rev-parse refs/remotes/origin/main [21ms]
2024-06-14 05:13:37.410 [info] > git status -z -uall [10ms]
2024-06-14 05:13:37.435 [info] > git merge-base refs/heads/main refs/remotes/origin/main [16ms]
2024-06-14 05:13:37.444 [info] > git config --get commit.template [14ms]
2024-06-14 05:13:37.444 [info] > git rev-list --count --left-right refs/heads/main...refs/remotes/origin/main [2ms]
2024-06-14 05:13:37.461 [info] > git diff --name-status -z --diff-filter=ADMR 1dd6ab39e87e1b7d23e47be70393326adc2e2a7c...refs/remotes/origin/main [10ms]
2024-06-14 05:13:37.466 [info] > git for-each-ref --format=%(refname)%00%(upstream:short)%00%(objectname)%00%(upstream:track)%00%(upstream:remotename)%00%(upstream:remoteref) refs/heads/main refs/remotes/main [6ms]
2024-06-14 05:13:37.482 [warning] ENOENT: no such file or directory, open '/home/vscode/environment/.git/refs/remotes/origin/main'
2024-06-14 05:13:37.508 [info] > git rev-parse refs/remotes/origin/main [27ms]
2024-06-14 05:13:37.524 [info] > git status -z -uall [6ms]
2024-06-14 05:13:37.908 [info] > git status -z -uall [638ms]
2024-06-14 05:13:38.026 [info] > git check-ignore -v -z --stdin [101ms]
2024-06-14 05:13:38.027 [info] > git check-ignore -v -z --stdin [97ms]
2024-06-14 05:13:38.028 [info] > git check-ignore -v -z --stdin [93ms]
2024-06-14 05:13:38.029 [info] > git merge-base refs/heads/master refs/remotes/origin/master [113ms]
2024-06-14 05:13:38.044 [info] > git config --get commit.template [30ms]
2024-06-14 05:13:38.051 [info] > git rev-list --count --left-right refs/heads/master...refs/remotes/origin/master [10ms]
2024-06-14 05:13:38.076 [info] > git for-each-ref --format=%(refname)%00%(upstream:short)%00%(objectname)%00%(upstream:track)%00%(upstream:remotename)%00%(upstream:remoteref) refs/heads/master refs/remotes/master [24ms]
2024-06-14 05:13:38.078 [info] > git diff --name-status -z --diff-filter=ADMR 189774c5d0d989ab45c0765f646803926e08e013...refs/remotes/origin/master [20ms]
2024-06-14 05:13:38.084 [warning] ENOENT: no such file or directory, open '/home/vscode/.oh-my-zsh/.git/refs/remotes/origin/master'
2024-06-14 05:13:38.096 [info] > git rev-parse refs/remotes/origin/master [12ms]
2024-06-14 05:13:38.162 [info] > git status -z -uall [60ms]
2024-06-14 05:13:38.637 [info] > git check-ignore -v -z --stdin [26ms]
2024-06-14 05:13:38.638 [info] > git check-ignore -v -z --stdin [21ms]
2024-06-14 05:13:38.638 [info] > git check-ignore -v -z --stdin [16ms]
2024-06-14 05:13:40.471 [info] > git config --local branch.master.github-pr-owner-number [7ms]
2024-06-14 05:13:40.472 [warning] git config failed: Failed to execute git
2024-06-14 05:13:40.509 [info] > git config --local branch.main.github-pr-owner-number [377ms]
2024-06-14 05:13:40.509 [warning] git config failed: Failed to execute git
2024-06-14 05:13:40.783 [info] > git config --local branch.main.github-pr-owner-number [6ms]
2024-06-14 05:13:40.784 [warning] git config failed: Failed to execute git
2024-06-14 05:18:39.431 [info] > git config --local branch.master.github-pr-owner-number [5ms]
2024-06-14 05:18:39.431 [warning] git config failed: Failed to execute git
2024-06-14 05:18:39.432 [info] > git config --local branch.main.github-pr-owner-number [11ms]
2024-06-14 05:18:39.432 [warning] git config failed: Failed to execute git
2024-06-14 05:18:39.432 [info] > git config --local branch.main.github-pr-owner-number [3ms]
2024-06-14 05:18:39.433 [warning] git config failed: Failed to execute git
2024-06-14 05:23:39.448 [info] > git config --local branch.main.github-pr-owner-number [5ms]
2024-06-14 05:23:39.448 [warning] git config failed: Failed to execute git
2024-06-14 05:23:39.449 [info] > git config --local branch.master.github-pr-owner-number [11ms]
2024-06-14 05:23:39.449 [warning] git config failed: Failed to execute git
2024-06-14 05:23:39.450 [info] > git config --local branch.main.github-pr-owner-number [3ms]
2024-06-14 05:23:39.450 [warning] git config failed: Failed to execute git
2024-06-14 05:28:39.465 [info] > git config --local branch.master.github-pr-owner-number [6ms]
2024-06-14 05:28:39.465 [warning] git config failed: Failed to execute git
2024-06-14 05:28:39.465 [info] > git config --local branch.main.github-pr-owner-number [10ms]
2024-06-14 05:28:39.465 [warning] git config failed: Failed to execute git
2024-06-14 05:28:39.466 [info] > git config --local branch.main.github-pr-owner-number [2ms]
2024-06-14 05:28:39.466 [warning] git config failed: Failed to execute git
2024-06-14 05:33:39.479 [info] > git config --local branch.master.github-pr-owner-number [7ms]
2024-06-14 05:33:39.480 [warning] git config failed: Failed to execute git
2024-06-14 05:33:39.485 [info] > git config --local branch.main.github-pr-owner-number [7ms]
2024-06-14 05:33:39.485 [warning] git config failed: Failed to execute git
2024-06-14 05:33:39.486 [info] > git config --local branch.main.github-pr-owner-number [2ms]
2024-06-14 05:33:39.486 [warning] git config failed: Failed to execute git
2024-06-14 05:38:39.495 [info] > git config --local branch.main.github-pr-owner-number [5ms]
2024-06-14 05:38:39.495 [warning] git config failed: Failed to execute git
2024-06-14 05:38:39.495 [info] > git config --local branch.master.github-pr-owner-number [9ms]
2024-06-14 05:38:39.495 [warning] git config failed: Failed to execute git
2024-06-14 05:38:39.496 [info] > git config --local branch.main.github-pr-owner-number [1ms]
2024-06-14 05:38:39.496 [warning] git config failed: Failed to execute git
2024-06-14 05:43:39.510 [info] > git config --local branch.master.github-pr-owner-number [5ms]
2024-06-14 05:43:39.511 [warning] git config failed: Failed to execute git
2024-06-14 05:43:39.511 [info] > git config --local branch.main.github-pr-owner-number [10ms]
2024-06-14 05:43:39.511 [warning] git config failed: Failed to execute git
2024-06-14 05:43:39.512 [info] > git config --local branch.main.github-pr-owner-number [3ms]
2024-06-14 05:43:39.512 [warning] git config failed: Failed to execute git
